#
# There is insufficient memory for the Java Runtime Environment to continue.
# Native memory allocation (mmap) failed to map 134217728 bytes for G1 virtual space
# Possible reasons:
#   The system is out of physical RAM or swap space
#   The process is running with CompressedOops enabled, and the Java Heap may be blocking the growth of the native heap
# Possible solutions:
#   Reduce memory load on the system
#   Increase physical memory or swap space
#   Check if swap backing store is full
#   Decrease Java heap size (-Xmx/-Xms)
#   Decrease number of Java threads
#   Decrease Java thread stack sizes (-Xss)
#   Set larger code cache with -XX:ReservedCodeCacheSize=
#   JVM is running with Unscaled Compressed Oops mode in which the Java heap is
#     placed in the first 4GB address space. The Java Heap base address is the
#     maximum limit for the native heap growth. Please use -XX:HeapBaseMinAddress
#     to set the Java Heap base and to place the Java Heap above 4GB virtual address.
# This output file may be truncated or incomplete.
#
#  Out of Memory Error (./open/src/hotspot/os/windows/os_windows.cpp:3321), pid=6060, tid=6976
#
# JRE version:  (15.0.2+7) (build )
# Java VM: Java HotSpot(TM) 64-Bit Server VM (15.0.2+7-27, mixed mode, sharing, tiered, compressed oops, g1 gc, windows-amd64)
# No core dump will be written. Minidumps are not enabled by default on client versions of Windows
#

---------------  S U M M A R Y ------------

Command Line: -Dfile.encoding=Cp1252 -XX:+ShowCodeDetailsInExceptionMessages tela_buffer.BarraDeProgresso

Host: Intel(R) Core(TM) i3-8130U CPU @ 2.20GHz, 4 cores, 7G,  Windows 10 , 64 bit Build 22000 (10.0.22000.434)
Time: Wed Apr 13 02:06:37 2022 Hora oficial do Brasil elapsed time: 0.137605 seconds (0d 0h 0m 0s)

---------------  T H R E A D  ---------------

Current thread (0x000001ddb874e320):  JavaThread "Unknown thread" [_thread_in_vm, id=6976, stack(0x0000002da3600000,0x0000002da3700000)]

Stack: [0x0000002da3600000,0x0000002da3700000]
Native frames: (J=compiled Java code, j=interpreted, Vv=VM code, C=native code)
V  [jvm.dll+0x62ae9a]
V  [jvm.dll+0x7817a9]
V  [jvm.dll+0x782f03]
V  [jvm.dll+0x783563]
V  [jvm.dll+0x216325]
V  [jvm.dll+0x6281d9]
V  [jvm.dll+0x61cf55]
V  [jvm.dll+0x2cffdd]
V  [jvm.dll+0x2cfe42]
V  [jvm.dll+0x2d5e1c]
V  [jvm.dll+0x32590a]
V  [jvm.dll+0x324fd4]
V  [jvm.dll+0x2a6f5a]
V  [jvm.dll+0x2a80f8]
V  [jvm.dll+0x75e241]
V  [jvm.dll+0x3341c4]
V  [jvm.dll+0x73e926]
V  [jvm.dll+0x3b7557]
V  [jvm.dll+0x3b8fe1]
C  [jli.dll+0x52fb]
C  [ucrtbase.dll+0x26c0c]
C  [KERNEL32.DLL+0x154e0]
C  [ntdll.dll+0x485b]


---------------  P R O C E S S  ---------------

Threads class SMR info:
_java_thread_list=0x00007ffd7ff34ff0, length=0, elements={
}

Java Threads: ( => current thread )

Other Threads:
  0x000001ddb8790910 GCTaskThread "GC Thread#0" [stack: 0x0000002da3700000,0x0000002da3800000] [id=9536]
  0x000001ddb87a20d0 ConcurrentGCThread "G1 Main Marker" [stack: 0x0000002da3800000,0x0000002da3900000] [id=11212]
  0x000001ddb87a2d40 ConcurrentGCThread "G1 Conc#0" [stack: 0x0000002da3900000,0x0000002da3a00000] [id=2828]

[error occurred during error reporting (printing all threads), id 0xc0000005, EXCEPTION_ACCESS_VIOLATION (0xc0000005) at pc=0x00007ffd7f727e27]

VM state: not at safepoint (not fully initialized)

VM Mutex/Monitor currently owned by a thread:  ([mutex/lock_event])
[0x000001ddb874b280] Heap_lock - owner thread: 0x000001ddb874e320

Heap address: 0x0000000081600000, size: 2026 MB, Compressed Oops mode: 32-bit
CDS archive(s) mapped at: [0x0000000000000000-0x0000000000000000-0x0000000000000000), size 0, SharedBaseAddress: 0x0000000800000000, ArchiveRelocationMode: 0.
Narrow klass base: 0x0000000000000000, Narrow klass shift: 0, Narrow klass range: 0x0

Heap:
 garbage-first heap   total 131072K, used 0K [0x0000000081600000, 0x0000000100000000)
  region size 1024K, 0 young (0K), 0 survivors (0K)
 Metaspace       used 0K, capacity 0K, committed 0K, reserved 0K
  class space    used 0K, capacity 0K, committed 0K, reserved 0K

Heap Regions: E=young(eden), S=young(survivor), O=old, HS=humongous(starts), HC=humongous(continues), CS=collection set, F=free, OA=open archive, CA=closed archive, TAMS=top-at-mark-start (previous, next)

Card table byte_map: [0x000001ddcfd90000,0x000001ddd0190000] _byte_map_base: 0x000001ddcf985000

Marking Bits (Prev, Next): (CMBitMap*) 0x000001ddb8791180, (CMBitMap*) 0x000001ddb87911c0
 Prev Bits: [0x000001ddd0590000, 0x000001ddd2538000)
 Next Bits: [0x000001ddd2540000, 0x000001ddd44e8000)

GC Heap History (0 events):
No events

Deoptimization events (0 events):
No events

Classes unloaded (0 events):
No events

Classes redefined (0 events):
No events

Internal exceptions (0 events):
No events

Events (1 events):
Event: 0.005 Loaded shared library C:\Program Files\Java\jdk-15.0.2\bin\java.dll


Dynamic libraries:
0x00007ff7ac160000 - 0x00007ff7ac16f000 	C:\Program Files\Java\jdk-15.0.2\bin\javaw.exe
0x00007ffdcc5c0000 - 0x00007ffdcc7c9000 	C:\WINDOWS\SYSTEM32\ntdll.dll
0x00007ffdcb270000 - 0x00007ffdcb32d000 	C:\WINDOWS\System32\KERNEL32.DLL
0x00007ffdc9f80000 - 0x00007ffdca2f4000 	C:\WINDOWS\System32\KERNELBASE.dll
0x00007ffdc9ab0000 - 0x00007ffdc9bc1000 	C:\WINDOWS\System32\ucrtbase.dll
0x00007ffdc0ad0000 - 0x00007ffdc0ae9000 	C:\Program Files\Java\jdk-15.0.2\bin\VCRUNTIME140.dll
0x00007ffdc2780000 - 0x00007ffdc2798000 	C:\Program Files\Java\jdk-15.0.2\bin\jli.dll
0x00007ffdcbc70000 - 0x00007ffdcbd1e000 	C:\WINDOWS\System32\ADVAPI32.dll
0x00007ffdcb190000 - 0x00007ffdcb233000 	C:\WINDOWS\System32\msvcrt.dll
0x00007ffdcbf80000 - 0x00007ffdcc01e000 	C:\WINDOWS\System32\sechost.dll
0x00007ffdcb070000 - 0x00007ffdcb190000 	C:\WINDOWS\System32\RPCRT4.dll
0x00007ffdcbd20000 - 0x00007ffdcbecc000 	C:\WINDOWS\System32\USER32.dll
0x00007ffdc9e30000 - 0x00007ffdc9e56000 	C:\WINDOWS\System32\win32u.dll
0x00007ffdcb240000 - 0x00007ffdcb269000 	C:\WINDOWS\System32\GDI32.dll
0x00007ffdae5a0000 - 0x00007ffdae845000 	C:\WINDOWS\WinSxS\amd64_microsoft.windows.common-controls_6595b64144ccf1df_6.0.22000.120_none_9d947278b86cc467\COMCTL32.dll
0x00007ffdc9e60000 - 0x00007ffdc9f72000 	C:\WINDOWS\System32\gdi32full.dll
0x00007ffdca3c0000 - 0x00007ffdca45d000 	C:\WINDOWS\System32\msvcp_win.dll
0x00007ffdc1ab0000 - 0x00007ffdc1aba000 	C:\WINDOWS\SYSTEM32\VERSION.dll
0x00007ffdcbed0000 - 0x00007ffdcbf01000 	C:\WINDOWS\System32\IMM32.DLL
0x00007ffdc6360000 - 0x00007ffdc636c000 	C:\Program Files\Java\jdk-15.0.2\bin\vcruntime140_1.dll
0x00007ffd9a880000 - 0x00007ffd9a911000 	C:\Program Files\Java\jdk-15.0.2\bin\msvcp140.dll
0x00007ffd7f470000 - 0x00007ffd7ffce000 	C:\Program Files\Java\jdk-15.0.2\bin\server\jvm.dll
0x00007ffdcbf70000 - 0x00007ffdcbf78000 	C:\WINDOWS\System32\PSAPI.DLL
0x00007ffdc3bf0000 - 0x00007ffdc3c23000 	C:\WINDOWS\SYSTEM32\WINMM.dll
0x00007ffdc2750000 - 0x00007ffdc2759000 	C:\WINDOWS\SYSTEM32\WSOCK32.dll
0x00007ffdcaee0000 - 0x00007ffdcaf4f000 	C:\WINDOWS\System32\WS2_32.dll
0x00007ffdc8bb0000 - 0x00007ffdc8bc8000 	C:\WINDOWS\SYSTEM32\kernel.appcore.dll
0x00007ffdc24e0000 - 0x00007ffdc24ea000 	C:\Program Files\Java\jdk-15.0.2\bin\jimage.dll
0x00007ffdc8240000 - 0x00007ffdc8461000 	C:\WINDOWS\SYSTEM32\DBGHELP.DLL
0x00007ffdbd800000 - 0x00007ffdbd831000 	C:\WINDOWS\SYSTEM32\dbgcore.DLL
0x00007ffdc9bd0000 - 0x00007ffdc9c4f000 	C:\WINDOWS\System32\bcryptPrimitives.dll
0x00007ffdc03a0000 - 0x00007ffdc03c5000 	C:\Program Files\Java\jdk-15.0.2\bin\java.dll

dbghelp: loaded successfully - version: 4.0.5 - missing functions: none
symbol engine: initialized successfully - sym options: 0x614 - pdb path: .;C:\Program Files\Java\jdk-15.0.2\bin;C:\WINDOWS\SYSTEM32;C:\WINDOWS\WinSxS\amd64_microsoft.windows.common-controls_6595b64144ccf1df_6.0.22000.120_none_9d947278b86cc467;C:\Program Files\Java\jdk-15.0.2\bin\server

VM Arguments:
jvm_args: -Dfile.encoding=Cp1252 -XX:+ShowCodeDetailsInExceptionMessages 
java_command: tela_buffer.BarraDeProgresso
java_class_path (initial): D:\Scripts\java\scripts\init\main\bin
Launcher Type: SUN_STANDARD

[Global flags]
     intx CICompilerCount                          = 3                                         {product} {ergonomic}
     uint ConcGCThreads                            = 1                                         {product} {ergonomic}
     uint G1ConcRefinementThreads                  = 4                                         {product} {ergonomic}
   size_t G1HeapRegionSize                         = 1048576                                   {product} {ergonomic}
    uintx GCDrainStackTargetSize                   = 64                                        {product} {ergonomic}
   size_t InitialHeapSize                          = 134217728                                 {product} {ergonomic}
   size_t MarkStackSize                            = 4194304                                   {product} {ergonomic}
   size_t MaxHeapSize                              = 2124414976                                {product} {ergonomic}
   size_t MinHeapDeltaBytes                        = 1048576                                   {product} {ergonomic}
   size_t MinHeapSize                              = 8388608                                   {product} {ergonomic}
    uintx NonNMethodCodeHeapSize                   = 5832780                                {pd product} {ergonomic}
    uintx NonProfiledCodeHeapSize                  = 122912730                              {pd product} {ergonomic}
    uintx ProfiledCodeHeapSize                     = 122912730                              {pd product} {ergonomic}
    uintx ReservedCodeCacheSize                    = 251658240                              {pd product} {ergonomic}
     bool SegmentedCodeCache                       = true                                      {product} {ergonomic}
     bool ShowCodeDetailsInExceptionMessages       = true                                   {manageable} {command line}
   size_t SoftMaxHeapSize                          = 2124414976                             {manageable} {ergonomic}
     bool UseCompressedClassPointers               = true                                 {lp64_product} {ergonomic}
     bool UseCompressedOops                        = true                                 {lp64_product} {ergonomic}
     bool UseG1GC                                  = true                                      {product} {ergonomic}
     bool UseLargePagesIndividualAllocation        = false                                  {pd product} {ergonomic}

Logging:
Log output configuration:
 #0: stdout all=warning uptime,level,tags
 #1: stderr all=off uptime,level,tags

Environment Variables:
JAVA_HOME=C:\Program Files\Java\jdk-11.0.14
PATH=D:\Programs\MPLAB 8.92\mpasm;D:\Programs\MPLAB 8.92\bin;C:\Program Files\Common Files\Oracle\Java\javapath;C:\WINDOWS\system32;C:\WINDOWS;C:\WINDOWS\System32\Wbem;C:\WINDOWS\System32\WindowsPowerShell\v1.0\;C:\WINDOWS\System32\OpenSSH\;C:\MinGW\bin;D:\Programs\Git\Git\cmd;C:\src\flutter\bin;C:\Program Files\Java\jdk-11.0.14\bin;C:\Program Files\Java\jdk-15.0.2\bin;C:\Gradle\gradle-6.8.1\bin;D:\Programs\Process Lasso\;C:\Program Files\REAPER (x64);D:\Programs\MPLAB 8.92\MPLAB C32 Suite\bin;D:\Programs\MPLAB 8.92\mpasm;D:\Programs\MPLAB 8.92\bin;C:\Users\jbrun\AppData\Local\Programs\Python\Python39\Scripts\;C:\Users\jbrun\AppData\Local\Programs\Python\Python39\;C:\Users\jbrun\AppData\Local\Microsoft\WindowsApps;C:\src\flutter\bin;C:\Users\jbrun\AppData\Local\Programs\Python\Python38-32\Scripts\;C:\Users\jbrun\AppData\Local\Programs\Python\Python38-32\;D:\Programs\Microsoft VS Code\bin;C:\MinGW\bin;C:\Program Files\Java\jdk-15.0.2\bin;C:\Gradle\gradle-6.8.1\bin;C:\Users\jbrun\AppData\Local\GitHubDesktop\bin;C:\Program Files\REAPER (x64);
USERNAME=jbrun
OS=Windows_NT
PROCESSOR_IDENTIFIER=Intel64 Family 6 Model 142 Stepping 10, GenuineIntel



---------------  S Y S T E M  ---------------

OS:
 Windows 10 , 64 bit Build 22000 (10.0.22000.434)
OS uptime: 6 days 7:32 hours

CPU: total 4 (initial active 4) (2 cores per cpu, 2 threads per core) family 6 model 142 stepping 10 microcode 0xe0, cmov, cx8, fxsr, mmx, sse, sse2, sse3, ssse3, sse4.1, sse4.2, popcnt, vzeroupper, avx, avx2, aes, clmul, erms, 3dnowpref, lzcnt, ht, tsc, tscinvbit, bmi1, bmi2, adx, fma, clflush, clflushopt

Memory: 4k page, system-wide physical 8097M (2563M free)
TotalPageFile size 8097M (AvailPageFile size 129M)
current process WorkingSet (physical memory assigned to process): 10M, peak: 10M
current process commit charge ("private bytes"): 52M, peak: 179M

vm_info: Java HotSpot(TM) 64-Bit Server VM (15.0.2+7-27) for windows-amd64 JRE (15.0.2+7-27), built on Dec  7 2020 20:07:01 by "mach5one" with unknown MS VC++:1925

END.
